<?xml version="1.0" encoding="UTF-8" ?>
<testsuite failures="0" time="0.531" errors="0" skipped="0" tests="1" name="edu.umd.mith.mishnah.xml.ValidatingTest">
  <properties>
    <property name="java.runtime.name" value="Java(TM) SE Runtime Environment"/>
    <property name="sun.boot.library.path" value="/System/Library/Java/JavaVirtualMachines/1.6.0.jdk/Contents/Libraries"/>
    <property name="java.vm.version" value="20.1-b02-384"/>
    <property name="awt.nativeDoubleBuffering" value="true"/>
    <property name="javax.xml.validation.SchemaFactory:http://relaxng.org/ns/structure/1.0" value="com.thaiopensource.relaxng.jaxp.XMLSyntaxSchemaFactory"/>
    <property name="gopherProxySet" value="false"/>
    <property name="mrj.build" value="10M3425"/>
    <property name="java.vm.vendor" value="Apple Inc."/>
    <property name="java.vendor.url" value="http://www.apple.com/"/>
    <property name="path.separator" value=":"/>
    <property name="java.vm.name" value="Java HotSpot(TM) 64-Bit Server VM"/>
    <property name="file.encoding.pkg" value="sun.io"/>
    <property name="user.country" value="US"/>
    <property name="sun.java.launcher" value="SUN_STANDARD"/>
    <property name="sun.os.patch.level" value="unknown"/>
    <property name="java.vm.specification.name" value="Java Virtual Machine Specification"/>
    <property name="user.dir" value="/Users/hlapin/Desktop/Copied from old computer/Old Desktop/Research/Mishnah XML project/MishnahRepos/validation"/>
    <property name="java.runtime.version" value="1.6.0_26-b03-384-10M3425"/>
    <property name="java.awt.graphicsenv" value="apple.awt.CGraphicsEnvironment"/>
    <property name="basedir" value="/Users/hlapin/Desktop/Copied from old computer/Old Desktop/Research/Mishnah XML project/MishnahRepos/validation"/>
    <property name="java.endorsed.dirs" value="/System/Library/Java/JavaVirtualMachines/1.6.0.jdk/Contents/Home/lib/endorsed"/>
    <property name="os.arch" value="x86_64"/>
    <property name="surefire.real.class.path" value="/Users/hlapin/Desktop/Copied from old computer/Old Desktop/Research/Mishnah XML project/MishnahRepos/validation/target/surefire/surefirebooter6783002641209007648.jar"/>
    <property name="java.io.tmpdir" value="/var/folders/1B/1BC3YINEFxWthmqtOim44E+++TM/-Tmp-/"/>
    <property name="line.separator" value="
"/>
    <property name="java.vm.specification.vendor" value="Sun Microsystems Inc."/>
    <property name="os.name" value="Mac OS X"/>
    <property name="sun.jnu.encoding" value="MacRoman"/>
    <property name="java.library.path" value=".:/Library/Java/Extensions:/System/Library/Java/Extensions:/usr/lib/java"/>
    <property name="javax.xml.parsers.SAXParserFactory" value="org.apache.xerces.jaxp.SAXParserFactoryImpl"/>
    <property name="surefire.test.class.path" value="/Users/hlapin/Desktop/Copied from old computer/Old Desktop/Research/Mishnah XML project/MishnahRepos/validation/target/test-classes:/Users/hlapin/Desktop/Copied from old computer/Old Desktop/Research/Mishnah XML project/MishnahRepos/validation/target/classes:/Users/hlapin/.m2/repository/net/sf/saxon/saxon/9.2/saxon-9.2.jar:/Users/hlapin/.m2/repository/org/scala-lang/scala-compiler/2.9.1/scala-compiler-2.9.1.jar:/Users/hlapin/.m2/repository/org/scala-lang/scala-library/2.9.1/scala-library-2.9.1.jar:/Users/hlapin/.m2/repository/xerces/xercesImpl/2.9.1/xercesImpl-2.9.1.jar:/Users/hlapin/.m2/repository/xml-apis/xml-apis/1.3.04/xml-apis-1.3.04.jar:/Users/hlapin/.m2/repository/org/scala-tools/testing/specs/1.5.0/specs-1.5.0.jar:/Users/hlapin/.m2/repository/junit/junit/4.4/junit-4.4.jar:/Users/hlapin/.m2/repository/xmlunit/xmlunit/1.3/xmlunit-1.3.jar:/Users/hlapin/.m2/repository/com/thaiopensource/trang/20091111/trang-20091111.jar:/Users/hlapin/.m2/repository/isorelax/isorelax/20030108/isorelax-20030108.jar:/Users/hlapin/.m2/repository/com/thaiopensource/jing/20091111/jing-20091111.jar:"/>
    <property name="java.specification.name" value="Java Platform API Specification"/>
    <property name="java.class.version" value="50.0"/>
    <property name="sun.management.compiler" value="HotSpot 64-Bit Tiered Compilers"/>
    <property name="os.version" value="10.6.8"/>
    <property name="http.nonProxyHosts" value="local|*.local|169.254/16|*.169.254/16"/>
    <property name="user.home" value="/Users/hlapin"/>
    <property name="user.timezone" value=""/>
    <property name="java.awt.printerjob" value="apple.awt.CPrinterJob"/>
    <property name="java.specification.version" value="1.6"/>
    <property name="file.encoding" value="MacRoman"/>
    <property name="javax.xml.transform.TransformerFactory" value="net.sf.saxon.TransformerFactoryImpl"/>
    <property name="user.name" value="hlapin"/>
    <property name="java.class.path" value="/Users/hlapin/Desktop/Copied from old computer/Old Desktop/Research/Mishnah XML project/MishnahRepos/validation/target/test-classes:/Users/hlapin/Desktop/Copied from old computer/Old Desktop/Research/Mishnah XML project/MishnahRepos/validation/target/classes:/Users/hlapin/.m2/repository/net/sf/saxon/saxon/9.2/saxon-9.2.jar:/Users/hlapin/.m2/repository/org/scala-lang/scala-compiler/2.9.1/scala-compiler-2.9.1.jar:/Users/hlapin/.m2/repository/org/scala-lang/scala-library/2.9.1/scala-library-2.9.1.jar:/Users/hlapin/.m2/repository/xerces/xercesImpl/2.9.1/xercesImpl-2.9.1.jar:/Users/hlapin/.m2/repository/xml-apis/xml-apis/1.3.04/xml-apis-1.3.04.jar:/Users/hlapin/.m2/repository/org/scala-tools/testing/specs/1.5.0/specs-1.5.0.jar:/Users/hlapin/.m2/repository/junit/junit/4.4/junit-4.4.jar:/Users/hlapin/.m2/repository/xmlunit/xmlunit/1.3/xmlunit-1.3.jar:/Users/hlapin/.m2/repository/com/thaiopensource/trang/20091111/trang-20091111.jar:/Users/hlapin/.m2/repository/isorelax/isorelax/20030108/isorelax-20030108.jar:/Users/hlapin/.m2/repository/com/thaiopensource/jing/20091111/jing-20091111.jar:"/>
    <property name="java.vm.specification.version" value="1.0"/>
    <property name="sun.arch.data.model" value="64"/>
    <property name="java.home" value="/System/Library/Java/JavaVirtualMachines/1.6.0.jdk/Contents/Home"/>
    <property name="sun.java.command" value="/Users/hlapin/Desktop/Copied from old computer/Old Desktop/Research/Mishnah XML project/MishnahRepos/validation/target/surefire/surefirebooter6783002641209007648.jar /Users/hlapin/Desktop/Copied from old computer/Old Desktop/Research/Mishnah XML project/MishnahRepos/validation/target/surefire/surefire1747310633383278778tmp /Users/hlapin/Desktop/Copied from old computer/Old Desktop/Research/Mishnah XML project/MishnahRepos/validation/target/surefire/surefire1092271543985613333tmp"/>
    <property name="java.specification.vendor" value="Sun Microsystems Inc."/>
    <property name="user.language" value="en"/>
    <property name="awt.toolkit" value="apple.awt.CToolkit"/>
    <property name="java.vm.info" value="mixed mode"/>
    <property name="java.version" value="1.6.0_26"/>
    <property name="java.ext.dirs" value="/Library/Java/Extensions:/System/Library/Java/Extensions:/System/Library/Java/JavaVirtualMachines/1.6.0.jdk/Contents/Home/lib/ext"/>
    <property name="sun.boot.class.path" value="/System/Library/Java/JavaVirtualMachines/1.6.0.jdk/Contents/Classes/jsfd.jar:/System/Library/Java/JavaVirtualMachines/1.6.0.jdk/Contents/Classes/classes.jar:/System/Library/Frameworks/JavaVM.framework/Frameworks/JavaRuntimeSupport.framework/Resources/Java/JavaRuntimeSupport.jar:/System/Library/Java/JavaVirtualMachines/1.6.0.jdk/Contents/Classes/ui.jar:/System/Library/Java/JavaVirtualMachines/1.6.0.jdk/Contents/Classes/laf.jar:/System/Library/Java/JavaVirtualMachines/1.6.0.jdk/Contents/Classes/sunrsasign.jar:/System/Library/Java/JavaVirtualMachines/1.6.0.jdk/Contents/Classes/jsse.jar:/System/Library/Java/JavaVirtualMachines/1.6.0.jdk/Contents/Classes/jce.jar:/System/Library/Java/JavaVirtualMachines/1.6.0.jdk/Contents/Classes/charsets.jar"/>
    <property name="java.vendor" value="Apple Inc."/>
    <property name="javax.xml.parsers.DocumentBuilderFactory" value="org.apache.xerces.jaxp.DocumentBuilderFactoryImpl"/>
    <property name="localRepository" value="/Users/hlapin/.m2/repository"/>
    <property name="file.separator" value="/"/>
    <property name="java.vendor.url.bug" value="http://bugreport.apple.com/"/>
    <property name="sun.cpu.endian" value="little"/>
    <property name="sun.io.unicode.encoding" value="UnicodeLittle"/>
    <property name="mrj.version" value="1060.1.6.0_26-384"/>
    <property name="socksNonProxyHosts" value="local|*.local|169.254/16|*.169.254/16"/>
    <property name="ftp.nonProxyHosts" value="local|*.local|169.254/16|*.169.254/16"/>
    <property name="sun.cpu.isalist" value=""/>
  </properties>
  <testcase time="0.363" classname="edu.umd.mith.mishnah.xml.ValidatingTest" name="testValidate"/>
</testsuite>